2021-03-28 09:54:07,540 INFO notifyConnectTimeout:200

2021-03-28 09:54:07,556 INFO notifySocketTimeout:8000

2021-03-28 09:54:07,562 INFO isHealthCheck:true

2021-03-28 09:54:07,562 INFO maxHealthCheckFailCount:12

2021-03-28 09:54:07,562 INFO maxContent:10485760

2021-03-28 09:54:09,608 INFO Schema 'NACOS' already exists.

2021-03-28 09:54:09,746 INFO Table/View 'CONFIG_INFO' already exists in Schema 'NACOS'.

2021-03-28 09:54:09,951 INFO Table/View 'HIS_CONFIG_INFO' already exists in Schema 'NACOS'.

2021-03-28 09:54:10,024 INFO Table/View 'CONFIG_INFO_BETA' already exists in Schema 'NACOS'.

2021-03-28 09:54:10,072 INFO Table/View 'CONFIG_INFO_TAG' already exists in Schema 'NACOS'.

2021-03-28 09:54:10,104 INFO Table/View 'CONFIG_INFO_AGGR' already exists in Schema 'NACOS'.

2021-03-28 09:54:10,167 INFO Table/View 'APP_LIST' already exists in Schema 'NACOS'.

2021-03-28 09:54:10,219 INFO Table/View 'APP_CONFIGDATA_RELATION_SUBS' already exists in Schema 'NACOS'.

2021-03-28 09:54:10,251 INFO Table/View 'APP_CONFIGDATA_RELATION_PUBS' already exists in Schema 'NACOS'.

2021-03-28 09:54:10,282 INFO Table/View 'CONFIG_TAGS_RELATION' already exists in Schema 'NACOS'.

2021-03-28 09:54:10,332 INFO Table/View 'GROUP_CAPACITY' already exists in Schema 'NACOS'.

2021-03-28 09:54:10,358 INFO Table/View 'TENANT_CAPACITY' already exists in Schema 'NACOS'.

2021-03-28 09:54:10,404 INFO Table/View 'TENANT_INFO' already exists in Schema 'NACOS'.

2021-03-28 09:54:10,459 INFO Table/View 'USERS' already exists in Schema 'NACOS'.

2021-03-28 09:54:10,488 INFO Table/View 'ROLES' already exists in Schema 'NACOS'.

2021-03-28 09:54:10,736 INFO The statement was aborted because it would have caused a duplicate key value in a unique or primary key constraint or unique index identified by 'SQL210320095435860' defined on 'USERS'.

2021-03-28 09:54:12,449 INFO ServerListService address-server port:8848

2021-03-28 09:54:12,450 INFO ADDRESS_SERVER_URL:http://jmenv.tbsite.net:8080/nacos/serverlist

2021-03-28 09:54:12,454 WARN [serverlist] updated to [10.163.130.143]

2021-03-28 09:54:12,727 WARN DumpService start

2021-03-28 09:54:12,743 INFO start clear all config-info.

2021-03-28 09:54:12,761 WARN clear all config-info failed.

2021-03-28 09:54:12,764 WARN clear all config-info-tenant failed.

2021-03-28 09:54:13,034 INFO start clear all config-info-beta.

2021-03-28 09:54:13,035 WARN clear all config-info-beta failed.

2021-03-28 09:54:13,036 WARN clear all config-info-beta-tenant failed.

2021-03-28 09:54:13,101 INFO start clear all config-info-tag.

2021-03-28 09:54:13,101 WARN clear all config-info-tag failed.

2021-03-28 09:54:13,102 WARN clear all config-info-tag-tenant failed.

