2021-03-28 09:53:51,230 INFO Starting Nacos v1.1.4 on xiaozhi with PID 9008 (C:\JAVA\yygh_parent\nacos\target\nacos-server.jar started by Administrator in C:\JAVA\yygh_parent\nacos\bin)

2021-03-28 09:53:51,422 INFO The following profiles are active: standalone

2021-03-28 09:54:02,178 INFO Bean 'org.springframework.security.config.annotation.configuration.ObjectPostProcessorConfiguration' of type [org.springframework.security.config.annotation.configuration.ObjectPostProcessorConfiguration$$EnhancerBySpringCGLIB$$c86f83bf] is not eligible for getting processed by all BeanPostProcessors (for example: not eligible for auto-proxying)

2021-03-28 09:54:02,379 INFO Bean 'objectPostProcessor' of type [org.springframework.security.config.annotation.configuration.AutowireBeanFactoryObjectPostProcessor] is not eligible for getting processed by all BeanPostProcessors (for example: not eligible for auto-proxying)

2021-03-28 09:54:02,391 INFO Bean 'org.springframework.security.access.expression.method.DefaultMethodSecurityExpressionHandler@7c37508a' of type [org.springframework.security.access.expression.method.DefaultMethodSecurityExpressionHandler] is not eligible for getting processed by all BeanPostProcessors (for example: not eligible for auto-proxying)

2021-03-28 09:54:02,393 INFO Bean 'org.springframework.security.config.annotation.method.configuration.GlobalMethodSecurityConfiguration' of type [org.springframework.security.config.annotation.method.configuration.GlobalMethodSecurityConfiguration$$EnhancerBySpringCGLIB$$ed442671] is not eligible for getting processed by all BeanPostProcessors (for example: not eligible for auto-proxying)

2021-03-28 09:54:02,404 INFO Bean 'methodSecurityMetadataSource' of type [org.springframework.security.access.method.DelegatingMethodSecurityMetadataSource] is not eligible for getting processed by all BeanPostProcessors (for example: not eligible for auto-proxying)

2021-03-28 09:54:04,428 INFO Tomcat initialized with port(s): 8848 (http)

2021-03-28 09:54:04,536 INFO Starting service [Tomcat]

2021-03-28 09:54:04,538 INFO Starting Servlet Engine: Apache Tomcat/9.0.13

2021-03-28 09:54:04,582 INFO The APR based Apache Tomcat Native library which allows optimal performance in production environments was not found on the java.library.path: [D:\java\jdk1.8\bin;C:\WINDOWS\Sun\Java\bin;C:\WINDOWS\system32;C:\WINDOWS;C:\ProgramData\Oracle\Java\javapath;D:\python37\Scripts\;D:\python37\;C:\WINDOWS\system32;C:\WINDOWS;C:\WINDOWS\System32\Wbem;C:\WINDOWS\System32\WindowsPowerShell\v1.0\;C:\WINDOWS\System32\OpenSSH\;D:\mysql\bin;％JAVA__HOME%\bin;C:\Program Files\nodejs\;D:\apache-maven-3.3.9\bin;D:\apache-maven-3.3.9\bin;D:\Miniconda;D:\Miniconda\Library\mingw-w64\bin;D:\Miniconda\Library\usr\bin;D:\Miniconda\Library\bin;D:\Miniconda\Scripts;C:\Users\Administrator\AppData\Local\Microsoft\WindowsApps;C:\Users\Administrator\AppData\Roaming\npm;I:\program\VSCode\bin;.]

2021-03-28 09:54:04,962 INFO Initializing Spring embedded WebApplicationContext

2021-03-28 09:54:04,962 INFO Root WebApplicationContext: initialization completed in 13175 ms

2021-03-28 09:54:13,242 INFO Use Mysql as the driver

2021-03-28 09:54:14,335 INFO Initializing ExecutorService 'applicationTaskExecutor'

2021-03-28 09:54:15,321 INFO Adding welcome page: class path resource [static/index.html]

2021-03-28 09:54:16,512 INFO Creating filter chain: Ant [pattern='/'], []

2021-03-28 09:54:16,519 INFO Creating filter chain: Ant [pattern='/**/*.css'], []

2021-03-28 09:54:16,522 INFO Creating filter chain: Ant [pattern='/**/*.js'], []

2021-03-28 09:54:16,526 INFO Creating filter chain: Ant [pattern='/**/*.html'], []

2021-03-28 09:54:16,526 INFO Creating filter chain: Ant [pattern='/**/*.map'], []

2021-03-28 09:54:16,531 INFO Creating filter chain: Ant [pattern='/**/*.svg'], []

2021-03-28 09:54:16,537 INFO Creating filter chain: Ant [pattern='/**/*.png'], []

2021-03-28 09:54:16,541 INFO Creating filter chain: Ant [pattern='/**/*.ico'], []

2021-03-28 09:54:16,546 INFO Creating filter chain: Ant [pattern='/console-fe/public/**'], []

2021-03-28 09:54:16,551 INFO Creating filter chain: Ant [pattern='/v1/auth/login'], []

2021-03-28 09:54:16,551 INFO Creating filter chain: Ant [pattern='/v1/console/health/**'], []

2021-03-28 09:54:16,553 INFO Creating filter chain: Ant [pattern='/v1/cs/**'], []

2021-03-28 09:54:16,554 INFO Creating filter chain: Ant [pattern='/v1/ns/**'], []

2021-03-28 09:54:16,557 INFO Creating filter chain: Ant [pattern='/v1/cmdb/**'], []

2021-03-28 09:54:16,567 INFO Creating filter chain: Ant [pattern='/actuator/**'], []

2021-03-28 09:54:16,569 INFO Creating filter chain: Ant [pattern='/v1/console/server/**'], []

2021-03-28 09:54:16,734 INFO Creating filter chain: any request, [org.springframework.security.web.context.request.async.WebAsyncManagerIntegrationFilter@58359ebd, org.springframework.security.web.context.SecurityContextPersistenceFilter@67ab1c47, org.springframework.security.web.header.HeaderWriterFilter@75459c75, org.springframework.security.web.authentication.logout.LogoutFilter@42f48531, com.alibaba.nacos.console.filter.JwtAuthenticationTokenFilter@24b6b8f6, org.springframework.security.web.savedrequest.RequestCacheAwareFilter@30bcf3c1, org.springframework.security.web.servletapi.SecurityContextHolderAwareRequestFilter@5b444398, org.springframework.security.web.authentication.AnonymousAuthenticationFilter@72cf2de5, org.springframework.security.web.session.SessionManagementFilter@45efc20d, org.springframework.security.web.access.ExceptionTranslationFilter@42e3ede4, org.springframework.security.web.access.intercept.FilterSecurityInterceptor@19ae6bb]

2021-03-28 09:54:17,203 INFO Exposing 2 endpoint(s) beneath base path '/actuator'

2021-03-28 09:54:17,354 INFO Initializing ExecutorService 'taskScheduler'

2021-03-28 09:54:17,871 INFO Tomcat started on port(s): 8848 (http) with context path '/nacos'

2021-03-28 09:54:17,921 INFO Started Nacos in 32.514 seconds (JVM running for 34.008)

2021-03-28 09:54:17,939 INFO Nacos Log files: C:\JAVA\yygh_parent\nacos/logs/

2021-03-28 09:54:18,090 INFO Nacos Conf files: C:\JAVA\yygh_parent\nacos/conf/

2021-03-28 09:54:18,096 INFO Nacos Data files: C:\JAVA\yygh_parent\nacos/data/

2021-03-28 09:54:18,119 INFO Nacos started successfully in stand alone mode.

2021-03-28 09:54:22,816 INFO Initializing Spring DispatcherServlet 'dispatcherServlet'

2021-03-28 09:54:22,817 INFO Initializing Servlet 'dispatcherServlet'

2021-03-28 09:54:22,840 INFO Completed initialization in 21 ms

2021-03-28 10:04:12,583 INFO [capacityManagement] start correct usage

2021-03-28 10:04:12,762 INFO [capacityManagement] end correct usage, cost: 0s

2021-03-28 10:04:13,235 WARN clearConfigHistory start

2021-03-28 10:14:12,771 INFO [capacityManagement] start correct usage

2021-03-28 10:14:12,780 INFO [capacityManagement] end correct usage, cost: 0s

2021-03-28 10:14:13,325 WARN clearConfigHistory start

2021-03-28 10:24:12,789 INFO [capacityManagement] start correct usage

2021-03-28 10:24:12,790 INFO [capacityManagement] end correct usage, cost: 0s

2021-03-28 10:24:13,331 WARN clearConfigHistory start

2021-03-28 10:34:12,792 INFO [capacityManagement] start correct usage

2021-03-28 10:34:12,794 INFO [capacityManagement] end correct usage, cost: 0s

2021-03-28 10:34:13,335 WARN clearConfigHistory start

2021-03-28 10:44:12,800 INFO [capacityManagement] start correct usage

2021-03-28 10:44:12,806 INFO [capacityManagement] end correct usage, cost: 0s

2021-03-28 10:44:13,343 WARN clearConfigHistory start

2021-03-28 10:54:12,816 INFO [capacityManagement] start correct usage

2021-03-28 10:54:12,817 INFO [capacityManagement] end correct usage, cost: 0s

2021-03-28 10:54:13,360 WARN clearConfigHistory start

2021-03-28 11:04:12,831 INFO [capacityManagement] start correct usage

2021-03-28 11:04:12,833 INFO [capacityManagement] end correct usage, cost: 0s

2021-03-28 11:04:13,370 WARN clearConfigHistory start

2021-03-28 11:14:12,847 INFO [capacityManagement] start correct usage

2021-03-28 11:14:12,848 INFO [capacityManagement] end correct usage, cost: 0s

2021-03-28 11:14:13,377 WARN clearConfigHistory start

2021-03-28 11:24:12,857 INFO [capacityManagement] start correct usage

2021-03-28 11:24:12,875 INFO [capacityManagement] end correct usage, cost: 0s

2021-03-28 11:24:13,385 WARN clearConfigHistory start

2021-03-28 11:34:12,885 INFO [capacityManagement] start correct usage

2021-03-28 11:34:12,887 INFO [capacityManagement] end correct usage, cost: 0s

2021-03-28 11:34:13,395 WARN clearConfigHistory start

2021-03-28 11:44:12,891 INFO [capacityManagement] start correct usage

2021-03-28 11:44:12,892 INFO [capacityManagement] end correct usage, cost: 0s

2021-03-28 11:44:13,398 WARN clearConfigHistory start

2021-03-28 11:54:12,892 INFO [capacityManagement] start correct usage

2021-03-28 11:54:12,894 INFO [capacityManagement] end correct usage, cost: 0s

2021-03-28 11:54:13,402 WARN clearConfigHistory start

2021-03-28 12:04:12,905 INFO [capacityManagement] start correct usage

2021-03-28 12:04:12,906 INFO [capacityManagement] end correct usage, cost: 0s

2021-03-28 12:04:13,415 WARN clearConfigHistory start

2021-03-28 12:14:12,915 INFO [capacityManagement] start correct usage

2021-03-28 12:14:12,917 INFO [capacityManagement] end correct usage, cost: 0s

2021-03-28 12:14:13,427 WARN clearConfigHistory start

2021-03-28 12:24:12,925 INFO [capacityManagement] start correct usage

2021-03-28 12:24:12,926 INFO [capacityManagement] end correct usage, cost: 0s

2021-03-28 12:24:13,440 WARN clearConfigHistory start

2021-03-28 12:34:12,936 INFO [capacityManagement] start correct usage

2021-03-28 12:34:12,937 INFO [capacityManagement] end correct usage, cost: 0s

2021-03-28 12:34:13,447 WARN clearConfigHistory start

2021-03-28 12:44:12,951 INFO [capacityManagement] start correct usage

2021-03-28 12:44:12,952 INFO [capacityManagement] end correct usage, cost: 0s

2021-03-28 12:44:13,449 WARN clearConfigHistory start

2021-03-28 12:54:12,963 INFO [capacityManagement] start correct usage

2021-03-28 12:54:12,978 INFO [capacityManagement] end correct usage, cost: 0s

2021-03-28 12:54:13,451 WARN clearConfigHistory start

2021-03-28 13:04:12,988 INFO [capacityManagement] start correct usage

2021-03-28 13:04:12,991 INFO [capacityManagement] end correct usage, cost: 0s

2021-03-28 13:04:13,454 WARN clearConfigHistory start

2021-03-28 13:14:12,995 INFO [capacityManagement] start correct usage

2021-03-28 13:14:12,997 INFO [capacityManagement] end correct usage, cost: 0s

2021-03-28 13:14:13,459 WARN clearConfigHistory start

2021-03-28 13:24:13,008 INFO [capacityManagement] start correct usage

2021-03-28 13:24:13,011 INFO [capacityManagement] end correct usage, cost: 0s

2021-03-28 13:24:13,472 WARN clearConfigHistory start

2021-03-28 13:34:13,019 INFO [capacityManagement] start correct usage

2021-03-28 13:34:13,020 INFO [capacityManagement] end correct usage, cost: 0s

2021-03-28 13:34:13,484 WARN clearConfigHistory start

2021-03-28 13:44:13,029 INFO [capacityManagement] start correct usage

2021-03-28 13:44:13,030 INFO [capacityManagement] end correct usage, cost: 0s

2021-03-28 13:44:13,491 WARN clearConfigHistory start

2021-03-28 13:54:13,043 INFO [capacityManagement] start correct usage

2021-03-28 13:54:13,044 INFO [capacityManagement] end correct usage, cost: 0s

2021-03-28 13:54:13,493 WARN clearConfigHistory start

2021-03-28 14:04:13,052 INFO [capacityManagement] start correct usage

2021-03-28 14:04:13,053 INFO [capacityManagement] end correct usage, cost: 0s

2021-03-28 14:04:13,501 WARN clearConfigHistory start

2021-03-28 14:14:13,058 INFO [capacityManagement] start correct usage

2021-03-28 14:14:13,060 INFO [capacityManagement] end correct usage, cost: 0s

2021-03-28 14:14:13,508 WARN clearConfigHistory start

2021-03-28 14:24:13,074 INFO [capacityManagement] start correct usage

2021-03-28 14:24:13,075 INFO [capacityManagement] end correct usage, cost: 0s

2021-03-28 14:24:13,510 WARN clearConfigHistory start

2021-03-28 14:34:13,076 INFO [capacityManagement] start correct usage

2021-03-28 14:34:13,078 INFO [capacityManagement] end correct usage, cost: 0s

2021-03-28 14:34:13,512 WARN clearConfigHistory start

2021-03-28 14:44:13,085 INFO [capacityManagement] start correct usage

2021-03-28 14:44:13,086 INFO [capacityManagement] end correct usage, cost: 0s

2021-03-28 14:44:13,529 WARN clearConfigHistory start

2021-03-28 14:54:13,094 INFO [capacityManagement] start correct usage

2021-03-28 14:54:13,095 INFO [capacityManagement] end correct usage, cost: 0s

2021-03-28 14:54:13,547 WARN clearConfigHistory start

2021-03-28 15:04:13,111 INFO [capacityManagement] start correct usage

2021-03-28 15:04:13,112 INFO [capacityManagement] end correct usage, cost: 0s

2021-03-28 15:04:13,561 WARN clearConfigHistory start

2021-03-28 15:14:13,116 INFO [capacityManagement] start correct usage

2021-03-28 15:14:13,118 INFO [capacityManagement] end correct usage, cost: 0s

2021-03-28 15:14:13,579 WARN clearConfigHistory start

2021-03-28 15:24:13,133 INFO [capacityManagement] start correct usage

2021-03-28 15:24:13,136 INFO [capacityManagement] end correct usage, cost: 0s

2021-03-28 15:24:13,583 WARN clearConfigHistory start

2021-03-28 15:34:13,144 INFO [capacityManagement] start correct usage

2021-03-28 15:34:13,146 INFO [capacityManagement] end correct usage, cost: 0s

2021-03-28 15:34:13,598 WARN clearConfigHistory start

2021-03-28 15:44:13,152 INFO [capacityManagement] start correct usage

2021-03-28 15:44:13,154 INFO [capacityManagement] end correct usage, cost: 0s

2021-03-28 15:44:13,605 WARN clearConfigHistory start

2021-03-28 15:54:13,157 INFO [capacityManagement] start correct usage

2021-03-28 15:54:13,158 INFO [capacityManagement] end correct usage, cost: 0s

2021-03-28 15:54:13,611 WARN clearConfigHistory start

2021-03-28 16:04:13,170 INFO [capacityManagement] start correct usage

2021-03-28 16:04:13,171 INFO [capacityManagement] end correct usage, cost: 0s

2021-03-28 16:04:13,620 WARN clearConfigHistory start

2021-03-28 16:14:13,186 INFO [capacityManagement] start correct usage

2021-03-28 16:14:13,187 INFO [capacityManagement] end correct usage, cost: 0s

2021-03-28 16:14:13,635 WARN clearConfigHistory start

2021-03-28 16:24:13,195 INFO [capacityManagement] start correct usage

2021-03-28 16:24:13,197 INFO [capacityManagement] end correct usage, cost: 0s

2021-03-28 16:24:13,646 WARN clearConfigHistory start

2021-03-28 16:34:13,198 INFO [capacityManagement] start correct usage

2021-03-28 16:34:13,201 INFO [capacityManagement] end correct usage, cost: 0s

2021-03-28 16:34:13,649 WARN clearConfigHistory start

2021-03-28 16:44:13,207 INFO [capacityManagement] start correct usage

2021-03-28 16:44:13,209 INFO [capacityManagement] end correct usage, cost: 0s

2021-03-28 16:44:13,661 WARN clearConfigHistory start

2021-03-28 16:54:13,210 INFO [capacityManagement] start correct usage

2021-03-28 16:54:13,213 INFO [capacityManagement] end correct usage, cost: 0s

2021-03-28 16:54:13,674 WARN clearConfigHistory start

2021-03-28 17:04:13,220 INFO [capacityManagement] start correct usage

2021-03-28 17:04:13,221 INFO [capacityManagement] end correct usage, cost: 0s

2021-03-28 17:04:13,684 WARN clearConfigHistory start

2021-03-28 17:14:13,222 INFO [capacityManagement] start correct usage

2021-03-28 17:14:13,223 INFO [capacityManagement] end correct usage, cost: 0s

2021-03-28 17:14:13,688 WARN clearConfigHistory start

2021-03-28 17:24:13,228 INFO [capacityManagement] start correct usage

2021-03-28 17:24:13,229 INFO [capacityManagement] end correct usage, cost: 0s

2021-03-28 17:24:13,694 WARN clearConfigHistory start

2021-03-28 17:34:13,241 INFO [capacityManagement] start correct usage

2021-03-28 17:34:13,242 INFO [capacityManagement] end correct usage, cost: 0s

2021-03-28 17:34:13,708 WARN clearConfigHistory start

2021-03-28 17:44:13,252 INFO [capacityManagement] start correct usage

2021-03-28 17:44:13,254 INFO [capacityManagement] end correct usage, cost: 0s

2021-03-28 17:44:13,718 WARN clearConfigHistory start

2021-03-28 17:54:13,265 INFO [capacityManagement] start correct usage

2021-03-28 17:54:13,266 INFO [capacityManagement] end correct usage, cost: 0s

2021-03-28 17:54:13,730 WARN clearConfigHistory start

2021-03-28 18:04:13,270 INFO [capacityManagement] start correct usage

2021-03-28 18:04:13,272 INFO [capacityManagement] end correct usage, cost: 0s

2021-03-28 18:04:13,736 WARN clearConfigHistory start

2021-03-28 18:14:13,284 INFO [capacityManagement] start correct usage

2021-03-28 18:14:13,285 INFO [capacityManagement] end correct usage, cost: 0s

2021-03-28 18:14:13,751 WARN clearConfigHistory start

2021-03-28 18:24:13,294 INFO [capacityManagement] start correct usage

2021-03-28 18:24:13,295 INFO [capacityManagement] end correct usage, cost: 0s

2021-03-28 18:24:13,761 WARN clearConfigHistory start

2021-03-28 18:34:13,308 INFO [capacityManagement] start correct usage

2021-03-28 18:34:13,310 INFO [capacityManagement] end correct usage, cost: 0s

2021-03-28 18:34:13,774 WARN clearConfigHistory start

2021-03-28 18:44:13,316 INFO [capacityManagement] start correct usage

2021-03-28 18:44:13,319 INFO [capacityManagement] end correct usage, cost: 0s

2021-03-28 18:44:13,787 WARN clearConfigHistory start

2021-03-28 18:54:13,325 INFO [capacityManagement] start correct usage

2021-03-28 18:54:13,327 INFO [capacityManagement] end correct usage, cost: 0s

2021-03-28 18:54:13,794 WARN clearConfigHistory start

2021-03-28 19:04:13,338 INFO [capacityManagement] start correct usage

2021-03-28 19:04:13,339 INFO [capacityManagement] end correct usage, cost: 0s

2021-03-28 19:04:13,805 WARN clearConfigHistory start

2021-03-28 19:14:13,354 INFO [capacityManagement] start correct usage

2021-03-28 19:14:13,357 INFO [capacityManagement] end correct usage, cost: 0s

2021-03-28 19:14:13,821 WARN clearConfigHistory start

2021-03-28 19:24:13,362 INFO [capacityManagement] start correct usage

2021-03-28 19:24:13,365 INFO [capacityManagement] end correct usage, cost: 0s

2021-03-28 19:24:13,836 WARN clearConfigHistory start

2021-03-28 19:34:13,371 INFO [capacityManagement] start correct usage

2021-03-28 19:34:13,372 INFO [capacityManagement] end correct usage, cost: 0s

2021-03-28 19:34:13,846 WARN clearConfigHistory start

2021-03-28 19:44:13,381 INFO [capacityManagement] start correct usage

2021-03-28 19:44:13,384 INFO [capacityManagement] end correct usage, cost: 0s

2021-03-28 19:44:13,855 WARN clearConfigHistory start

2021-03-28 19:54:13,400 INFO [capacityManagement] start correct usage

2021-03-28 19:54:13,403 INFO [capacityManagement] end correct usage, cost: 0s

2021-03-28 19:54:13,872 WARN clearConfigHistory start

2021-03-28 20:04:13,416 INFO [capacityManagement] start correct usage

2021-03-28 20:04:13,418 INFO [capacityManagement] end correct usage, cost: 0s

2021-03-28 20:04:13,874 WARN clearConfigHistory start

2021-03-28 20:14:13,422 INFO [capacityManagement] start correct usage

2021-03-28 20:14:13,425 INFO [capacityManagement] end correct usage, cost: 0s

2021-03-28 20:14:13,890 WARN clearConfigHistory start

2021-03-28 20:24:13,432 INFO [capacityManagement] start correct usage

2021-03-28 20:24:13,435 INFO [capacityManagement] end correct usage, cost: 0s

2021-03-28 20:24:13,904 WARN clearConfigHistory start

2021-03-28 20:34:13,446 INFO [capacityManagement] start correct usage

2021-03-28 20:34:13,483 INFO [capacityManagement] end correct usage, cost: 0s

2021-03-28 20:34:13,921 WARN clearConfigHistory start

2021-03-28 20:44:13,504 INFO [capacityManagement] start correct usage

2021-03-28 20:44:13,506 INFO [capacityManagement] end correct usage, cost: 0s

2021-03-28 20:44:13,976 WARN clearConfigHistory start

2021-03-28 20:54:13,506 INFO [capacityManagement] start correct usage

2021-03-28 20:54:13,508 INFO [capacityManagement] end correct usage, cost: 0s

2021-03-28 20:54:14,060 WARN clearConfigHistory start

2021-03-28 21:04:13,512 INFO [capacityManagement] start correct usage

2021-03-28 21:04:13,516 INFO [capacityManagement] end correct usage, cost: 0s

2021-03-28 21:04:14,068 WARN clearConfigHistory start

2021-03-28 21:14:13,525 INFO [capacityManagement] start correct usage

2021-03-28 21:14:13,533 INFO [capacityManagement] end correct usage, cost: 0s

2021-03-28 21:14:14,074 WARN clearConfigHistory start

2021-03-28 21:24:13,542 INFO [capacityManagement] start correct usage

2021-03-28 21:24:13,544 INFO [capacityManagement] end correct usage, cost: 0s

2021-03-28 21:24:14,088 WARN clearConfigHistory start

2021-03-28 21:34:13,558 INFO [capacityManagement] start correct usage

2021-03-28 21:34:13,562 INFO [capacityManagement] end correct usage, cost: 0s

2021-03-28 21:34:14,103 WARN clearConfigHistory start

2021-03-28 21:44:13,574 INFO [capacityManagement] start correct usage

2021-03-28 21:44:13,580 INFO [capacityManagement] end correct usage, cost: 0s

2021-03-28 21:44:14,116 WARN clearConfigHistory start

2021-03-28 21:53:59,075 ERROR Responding with unauthorized error. Message - Full authentication is required to access this resource

2021-03-28 21:54:13,585 INFO [capacityManagement] start correct usage

2021-03-28 21:54:13,590 INFO [capacityManagement] end correct usage, cost: 0s

2021-03-28 21:54:14,126 WARN clearConfigHistory start

2021-03-28 22:04:13,592 INFO [capacityManagement] start correct usage

2021-03-28 22:04:13,595 INFO [capacityManagement] end correct usage, cost: 0s

2021-03-28 22:04:14,166 WARN clearConfigHistory start

2021-03-28 22:14:13,609 INFO [capacityManagement] start correct usage

2021-03-28 22:14:13,612 INFO [capacityManagement] end correct usage, cost: 0s

2021-03-28 22:14:14,182 WARN clearConfigHistory start

2021-03-28 22:24:13,625 INFO [capacityManagement] start correct usage

2021-03-28 22:24:13,628 INFO [capacityManagement] end correct usage, cost: 0s

2021-03-28 22:24:14,189 WARN clearConfigHistory start

2021-03-28 22:34:13,631 INFO [capacityManagement] start correct usage

2021-03-28 22:34:13,633 INFO [capacityManagement] end correct usage, cost: 0s

2021-03-28 22:34:14,203 WARN clearConfigHistory start

2021-03-28 22:44:13,638 INFO [capacityManagement] start correct usage

2021-03-28 22:44:13,640 INFO [capacityManagement] end correct usage, cost: 0s

2021-03-28 22:44:14,213 WARN clearConfigHistory start

2021-03-28 22:54:13,642 INFO [capacityManagement] start correct usage

2021-03-28 22:54:13,645 INFO [capacityManagement] end correct usage, cost: 0s

2021-03-28 22:54:14,223 WARN clearConfigHistory start

2021-03-28 23:00:32,342 INFO Shutting down ExecutorService 'taskScheduler'

2021-03-28 23:00:32,357 INFO Shutting down ExecutorService 'applicationTaskExecutor'

