2021-03-28 09:54:43,263 INFO PERFORMANCE:|0|0|-1|-1

2021-03-28 09:59:43,276 INFO PERFORMANCE:|1|1|-1|-1

2021-03-28 10:04:43,290 INFO PERFORMANCE:|1|1|-1|-1

2021-03-28 10:09:43,293 INFO PERFORMANCE:|1|1|-1|-1

2021-03-28 10:14:43,304 INFO PERFORMANCE:|1|1|-1|-1

2021-03-28 10:19:43,313 INFO PERFORMANCE:|1|1|-1|-1

2021-03-28 10:24:43,324 INFO PERFORMANCE:|1|1|-1|-1

2021-03-28 10:29:43,340 INFO PERFORMANCE:|1|1|-1|-1

2021-03-28 10:34:43,343 INFO PERFORMANCE:|1|1|-1|-1

2021-03-28 10:39:43,349 INFO PERFORMANCE:|1|1|-1|-1

2021-03-28 10:44:43,360 INFO PERFORMANCE:|1|1|-1|-1

2021-03-28 10:49:43,370 INFO PERFORMANCE:|1|1|-1|-1

2021-03-28 10:54:43,372 INFO PERFORMANCE:|1|1|-1|-1

2021-03-28 10:59:43,381 INFO PERFORMANCE:|1|1|-1|-1

2021-03-28 11:04:43,386 INFO PERFORMANCE:|1|1|-1|-1

2021-03-28 11:09:43,387 INFO PERFORMANCE:|1|1|-1|-1

2021-03-28 11:14:43,388 INFO PERFORMANCE:|1|1|-1|-1

2021-03-28 11:19:43,397 INFO PERFORMANCE:|1|1|-1|-1

2021-03-28 11:24:43,409 INFO PERFORMANCE:|1|1|-1|-1

2021-03-28 11:29:43,412 INFO PERFORMANCE:|1|1|-1|-1

2021-03-28 11:34:43,424 INFO PERFORMANCE:|1|1|-1|-1

2021-03-28 11:39:43,427 INFO PERFORMANCE:|1|1|-1|-1

2021-03-28 11:44:43,434 INFO PERFORMANCE:|1|1|-1|-1

2021-03-28 11:49:43,447 INFO PERFORMANCE:|1|1|-1|-1

2021-03-28 11:54:43,454 INFO PERFORMANCE:|1|1|-1|-1

2021-03-28 11:59:43,464 INFO PERFORMANCE:|1|1|-1|-1

2021-03-28 12:04:43,470 INFO PERFORMANCE:|1|1|-1|-1

2021-03-28 12:09:43,486 INFO PERFORMANCE:|1|1|-1|-1

2021-03-28 12:14:43,494 INFO PERFORMANCE:|1|1|-1|-1

2021-03-28 12:19:43,497 INFO PERFORMANCE:|1|1|-1|-1

2021-03-28 12:24:43,501 INFO PERFORMANCE:|1|1|-1|-1

2021-03-28 12:29:43,517 INFO PERFORMANCE:|1|1|-1|-1

2021-03-28 12:34:43,525 INFO PERFORMANCE:|1|1|-1|-1

2021-03-28 12:39:43,540 INFO PERFORMANCE:|1|1|-1|-1

2021-03-28 12:44:43,550 INFO PERFORMANCE:|1|1|-1|-1

2021-03-28 12:49:43,558 INFO PERFORMANCE:|1|1|-1|-1

2021-03-28 12:54:43,559 INFO PERFORMANCE:|1|1|-1|-1

2021-03-28 12:59:43,561 INFO PERFORMANCE:|1|1|-1|-1

2021-03-28 13:04:43,570 INFO PERFORMANCE:|1|1|-1|-1

2021-03-28 13:09:43,574 INFO PERFORMANCE:|1|1|-1|-1

2021-03-28 13:14:43,578 INFO PERFORMANCE:|1|1|-1|-1

2021-03-28 13:19:43,579 INFO PERFORMANCE:|1|1|-1|-1

2021-03-28 13:24:43,589 INFO PERFORMANCE:|1|1|-1|-1

2021-03-28 13:29:43,599 INFO PERFORMANCE:|1|1|-1|-1

2021-03-28 13:34:43,613 INFO PERFORMANCE:|1|1|-1|-1

2021-03-28 13:39:43,624 INFO PERFORMANCE:|1|1|-1|-1

2021-03-28 13:44:43,624 INFO PERFORMANCE:|1|1|-1|-1

2021-03-28 13:49:43,638 INFO PERFORMANCE:|1|1|-1|-1

2021-03-28 13:54:43,640 INFO PERFORMANCE:|1|1|-1|-1

2021-03-28 13:59:43,655 INFO PERFORMANCE:|1|1|-1|-1

2021-03-28 14:04:43,665 INFO PERFORMANCE:|1|1|-1|-1

2021-03-28 14:09:43,678 INFO PERFORMANCE:|1|1|-1|-1

2021-03-28 14:14:43,679 INFO PERFORMANCE:|1|1|-1|-1

2021-03-28 14:19:43,681 INFO PERFORMANCE:|1|1|-1|-1

2021-03-28 14:24:43,684 INFO PERFORMANCE:|1|1|-1|-1

2021-03-28 14:29:43,689 INFO PERFORMANCE:|1|1|-1|-1

2021-03-28 14:34:43,690 INFO PERFORMANCE:|1|1|-1|-1

2021-03-28 14:39:43,696 INFO PERFORMANCE:|1|1|-1|-1

2021-03-28 14:44:43,707 INFO PERFORMANCE:|1|1|-1|-1

2021-03-28 14:49:43,721 INFO PERFORMANCE:|1|1|-1|-1

2021-03-28 14:54:43,733 INFO PERFORMANCE:|1|1|-1|-1

2021-03-28 14:59:43,742 INFO PERFORMANCE:|1|1|-1|-1

2021-03-28 15:04:43,755 INFO PERFORMANCE:|1|1|-1|-1

2021-03-28 15:09:43,763 INFO PERFORMANCE:|1|1|-1|-1

2021-03-28 15:14:43,767 INFO PERFORMANCE:|1|1|-1|-1

2021-03-28 15:19:43,776 INFO PERFORMANCE:|1|1|-1|-1

2021-03-28 15:24:43,790 INFO PERFORMANCE:|1|1|-1|-1

2021-03-28 15:29:43,802 INFO PERFORMANCE:|1|1|-1|-1

2021-03-28 15:34:43,810 INFO PERFORMANCE:|1|1|-1|-1

2021-03-28 15:39:43,821 INFO PERFORMANCE:|1|1|-1|-1

2021-03-28 15:44:43,828 INFO PERFORMANCE:|1|1|-1|-1

2021-03-28 15:49:43,838 INFO PERFORMANCE:|1|1|-1|-1

2021-03-28 15:54:43,840 INFO PERFORMANCE:|1|1|-1|-1

2021-03-28 15:59:43,850 INFO PERFORMANCE:|1|1|-1|-1

2021-03-28 16:04:43,862 INFO PERFORMANCE:|1|1|-1|-1

2021-03-28 16:09:43,874 INFO PERFORMANCE:|1|1|-1|-1

2021-03-28 16:14:43,887 INFO PERFORMANCE:|1|1|-1|-1

2021-03-28 16:19:43,893 INFO PERFORMANCE:|1|1|-1|-1

2021-03-28 16:24:43,906 INFO PERFORMANCE:|1|1|-1|-1

2021-03-28 16:29:43,914 INFO PERFORMANCE:|1|0|-1|-1

2021-03-28 16:34:43,961 INFO PERFORMANCE:|1|0|-1|-1

2021-03-28 16:39:44,027 INFO PERFORMANCE:|1|0|-1|-1

2021-03-28 16:44:44,065 INFO PERFORMANCE:|1|0|-1|-1

2021-03-28 16:49:44,068 INFO PERFORMANCE:|1|0|-1|-1

2021-03-28 16:54:44,071 INFO PERFORMANCE:|1|0|-1|-1

2021-03-28 16:59:44,079 INFO PERFORMANCE:|1|1|-1|-1

2021-03-28 17:04:44,086 INFO PERFORMANCE:|1|1|-1|-1

2021-03-28 17:09:44,098 INFO PERFORMANCE:|1|1|-1|-1

2021-03-28 17:14:44,109 INFO PERFORMANCE:|1|1|-1|-1

2021-03-28 17:19:44,110 INFO PERFORMANCE:|1|1|-1|-1

2021-03-28 17:24:44,123 INFO PERFORMANCE:|1|1|-1|-1

2021-03-28 17:29:44,136 INFO PERFORMANCE:|1|1|-1|-1

2021-03-28 17:34:44,141 INFO PERFORMANCE:|1|1|-1|-1

2021-03-28 17:39:44,150 INFO PERFORMANCE:|1|1|-1|-1

2021-03-28 17:44:44,159 INFO PERFORMANCE:|1|1|-1|-1

2021-03-28 17:49:44,163 INFO PERFORMANCE:|1|1|-1|-1

2021-03-28 17:54:44,176 INFO PERFORMANCE:|1|1|-1|-1

2021-03-28 17:59:44,185 INFO PERFORMANCE:|1|1|-1|-1

2021-03-28 18:04:44,195 INFO PERFORMANCE:|1|1|-1|-1

2021-03-28 18:09:44,198 INFO PERFORMANCE:|1|1|-1|-1

2021-03-28 18:14:44,209 INFO PERFORMANCE:|1|1|-1|-1

2021-03-28 18:19:44,223 INFO PERFORMANCE:|1|1|-1|-1

2021-03-28 18:24:44,237 INFO PERFORMANCE:|1|1|-1|-1

2021-03-28 18:29:44,253 INFO PERFORMANCE:|1|1|-1|-1

2021-03-28 18:34:44,267 INFO PERFORMANCE:|1|1|-1|-1

2021-03-28 18:39:44,267 INFO PERFORMANCE:|1|1|-1|-1

2021-03-28 18:44:44,274 INFO PERFORMANCE:|1|1|-1|-1

2021-03-28 18:49:44,288 INFO PERFORMANCE:|1|1|-1|-1

2021-03-28 18:54:44,290 INFO PERFORMANCE:|1|1|-1|-1

2021-03-28 18:59:44,302 INFO PERFORMANCE:|1|1|-1|-1

2021-03-28 19:04:44,311 INFO PERFORMANCE:|1|1|-1|-1

2021-03-28 19:09:44,324 INFO PERFORMANCE:|2|2|-1|-1

2021-03-28 19:14:44,337 INFO PERFORMANCE:|2|2|-1|-1

2021-03-28 19:19:44,341 INFO PERFORMANCE:|2|2|-1|-1

2021-03-28 19:24:44,350 INFO PERFORMANCE:|2|2|-1|-1

2021-03-28 19:29:44,363 INFO PERFORMANCE:|2|2|-1|-1

2021-03-28 19:34:44,375 INFO PERFORMANCE:|2|2|-1|-1

2021-03-28 19:39:44,382 INFO PERFORMANCE:|2|2|-1|-1

2021-03-28 19:44:44,387 INFO PERFORMANCE:|2|2|-1|-1

2021-03-28 19:49:44,388 INFO PERFORMANCE:|2|2|-1|-1

2021-03-28 19:54:44,404 INFO PERFORMANCE:|2|2|-1|-1

2021-03-28 19:59:44,407 INFO PERFORMANCE:|2|2|-1|-1

2021-03-28 20:04:44,417 INFO PERFORMANCE:|2|2|-1|-1

2021-03-28 20:09:44,431 INFO PERFORMANCE:|2|2|-1|-1

2021-03-28 20:14:44,441 INFO PERFORMANCE:|2|2|-1|-1

2021-03-28 20:19:44,450 INFO PERFORMANCE:|2|2|-1|-1

2021-03-28 20:24:44,461 INFO PERFORMANCE:|2|2|-1|-1

2021-03-28 20:29:44,471 INFO PERFORMANCE:|2|2|-1|-1

2021-03-28 20:34:44,484 INFO PERFORMANCE:|2|2|-1|-1

2021-03-28 20:39:44,485 INFO PERFORMANCE:|2|2|-1|-1

2021-03-28 20:44:44,494 INFO PERFORMANCE:|2|2|-1|-1

2021-03-28 20:49:44,501 INFO PERFORMANCE:|2|2|-1|-1

2021-03-28 20:54:44,503 INFO PERFORMANCE:|2|1|-1|-1

2021-03-28 20:59:44,513 INFO PERFORMANCE:|2|2|-1|-1

2021-03-28 21:04:44,520 INFO PERFORMANCE:|2|2|-1|-1

2021-03-28 21:09:44,551 INFO PERFORMANCE:|2|1|-1|-1

2021-03-28 21:14:44,565 INFO PERFORMANCE:|2|1|-1|-1

2021-03-28 21:19:44,612 INFO PERFORMANCE:|2|1|-1|-1

2021-03-28 21:24:44,617 INFO PERFORMANCE:|2|1|-1|-1

2021-03-28 21:29:44,621 INFO PERFORMANCE:|2|1|-1|-1

2021-03-28 21:34:44,635 INFO PERFORMANCE:|2|1|-1|-1

2021-03-28 21:39:44,645 INFO PERFORMANCE:|2|1|-1|-1

2021-03-28 21:44:44,656 INFO PERFORMANCE:|2|1|-1|-1

2021-03-28 21:49:44,662 INFO PERFORMANCE:|2|1|-1|-1

2021-03-28 21:54:44,665 INFO PERFORMANCE:|2|1|-1|-1

2021-03-28 21:59:44,667 INFO PERFORMANCE:|2|1|-1|-1

2021-03-28 22:04:44,688 INFO PERFORMANCE:|2|1|-1|-1

2021-03-28 22:09:44,690 INFO PERFORMANCE:|2|1|-1|-1

2021-03-28 22:14:44,698 INFO PERFORMANCE:|2|1|-1|-1

2021-03-28 22:19:44,702 INFO PERFORMANCE:|2|1|-1|-1

2021-03-28 22:24:44,709 INFO PERFORMANCE:|2|1|-1|-1

2021-03-28 22:29:44,718 INFO PERFORMANCE:|2|0|-1|-1

2021-03-28 22:34:44,727 INFO PERFORMANCE:|2|0|-1|-1

2021-03-28 22:39:44,737 INFO PERFORMANCE:|2|0|-1|-1

2021-03-28 22:44:44,752 INFO PERFORMANCE:|2|0|-1|-1

2021-03-28 22:49:44,761 INFO PERFORMANCE:|2|1|-1|-1

2021-03-28 22:54:44,769 INFO PERFORMANCE:|2|1|-1|-1

2021-03-28 22:59:44,785 INFO PERFORMANCE:|2|1|-1|-1

